[2018-06-11 06:54:07] laravel.EMERGENCY: Unable to create configured logger. Using emergency logger. {"exception":"[object] (InvalidArgumentException(code: 0): Log [] is not defined. at C:\\Users\\Usuario\\Documents\\UNS-IAW-Admin2018-Com07\\vendor\\laravel\\framework\\src\\Illuminate\\Log\\LogManager.php:181)
[stacktrace]
#0 C:\\Users\\Usuario\\Documents\\UNS-IAW-Admin2018-Com07\\vendor\\laravel\\framework\\src\\Illuminate\\Log\\LogManager.php(115): Illuminate\\Log\\LogManager->resolve(NULL)
#1 C:\\Users\\Usuario\\Documents\\UNS-IAW-Admin2018-Com07\\vendor\\laravel\\framework\\src\\Illuminate\\Log\\LogManager.php(103): Illuminate\\Log\\LogManager->get(NULL)
#2 C:\\Users\\Usuario\\Documents\\UNS-IAW-Admin2018-Com07\\vendor\\laravel\\framework\\src\\Illuminate\\Log\\LogManager.php(519): Illuminate\\Log\\LogManager->driver()
#3 C:\\Users\\Usuario\\Documents\\UNS-IAW-Admin2018-Com07\\vendor\\laravel\\framework\\src\\Illuminate\\Foundation\\Exceptions\\Handler.php(113): Illuminate\\Log\\LogManager->error('Directory name ...', Array)
#4 C:\\Users\\Usuario\\Documents\\UNS-IAW-Admin2018-Com07\\app\\Exceptions\\Handler.php(37): Illuminate\\Foundation\\Exceptions\\Handler->report(Object(RuntimeException))
#5 C:\\Users\\Usuario\\Documents\\UNS-IAW-Admin2018-Com07\\vendor\\laravel\\framework\\src\\Illuminate\\Foundation\\Http\\Kernel.php(314): App\\Exceptions\\Handler->report(Object(RuntimeException))
#6 C:\\Users\\Usuario\\Documents\\UNS-IAW-Admin2018-Com07\\vendor\\laravel\\framework\\src\\Illuminate\\Foundation\\Http\\Kernel.php(118): Illuminate\\Foundation\\Http\\Kernel->reportException(Object(RuntimeException))
#7 C:\\Users\\Usuario\\Documents\\UNS-IAW-Admin2018-Com07\\public\\index.php(55): Illuminate\\Foundation\\Http\\Kernel->handle(Object(Illuminate\\Http\\Request))
#8 C:\\Users\\Usuario\\Documents\\UNS-IAW-Admin2018-Com07\\server.php(21): require_once('C:\\\\Users\\\\Usuari...')
#9 {main}
"} 
[2018-06-11 06:54:07] laravel.ERROR: Directory name must not be empty. {"exception":"[object] (RuntimeException(code: 0): Directory name must not be empty. at C:\\Users\\Usuario\\Documents\\UNS-IAW-Admin2018-Com07\\vendor\\symfony\\finder\\Iterator\\RecursiveDirectoryIterator.php:48)
[stacktrace]
#0 C:\\Users\\Usuario\\Documents\\UNS-IAW-Admin2018-Com07\\vendor\\symfony\\finder\\Iterator\\RecursiveDirectoryIterator.php(48): RecursiveDirectoryIterator->__construct('', 4096)
#1 C:\\Users\\Usuario\\Documents\\UNS-IAW-Admin2018-Com07\\vendor\\symfony\\finder\\Finder.php(679): Symfony\\Component\\Finder\\Iterator\\RecursiveDirectoryIterator->__construct('', 4096, false)
#2 C:\\Users\\Usuario\\Documents\\UNS-IAW-Admin2018-Com07\\vendor\\symfony\\finder\\Finder.php(572): Symfony\\Component\\Finder\\Finder->searchInDirectory('')
#3 C:\\Users\\Usuario\\Documents\\UNS-IAW-Admin2018-Com07\\vendor\\laravel\\framework\\src\\Illuminate\\Foundation\\Bootstrap\\LoadConfiguration.php(87): Symfony\\Component\\Finder\\Finder->getIterator()
#4 C:\\Users\\Usuario\\Documents\\UNS-IAW-Admin2018-Com07\\vendor\\laravel\\framework\\src\\Illuminate\\Foundation\\Bootstrap\\LoadConfiguration.php(64): Illuminate\\Foundation\\Bootstrap\\LoadConfiguration->getConfigurationFiles(Object(Illuminate\\Foundation\\Application))
#5 C:\\Users\\Usuario\\Documents\\UNS-IAW-Admin2018-Com07\\vendor\\laravel\\framework\\src\\Illuminate\\Foundation\\Bootstrap\\LoadConfiguration.php(39): Illuminate\\Foundation\\Bootstrap\\LoadConfiguration->loadConfigurationFiles(Object(Illuminate\\Foundation\\Application), Object(Illuminate\\Config\\Repository))
#6 C:\\Users\\Usuario\\Documents\\UNS-IAW-Admin2018-Com07\\vendor\\laravel\\framework\\src\\Illuminate\\Foundation\\Application.php(206): Illuminate\\Foundation\\Bootstrap\\LoadConfiguration->bootstrap(Object(Illuminate\\Foundation\\Application))
#7 C:\\Users\\Usuario\\Documents\\UNS-IAW-Admin2018-Com07\\vendor\\laravel\\framework\\src\\Illuminate\\Foundation\\Http\\Kernel.php(162): Illuminate\\Foundation\\Application->bootstrapWith(Array)
#8 C:\\Users\\Usuario\\Documents\\UNS-IAW-Admin2018-Com07\\vendor\\laravel\\framework\\src\\Illuminate\\Foundation\\Http\\Kernel.php(146): Illuminate\\Foundation\\Http\\Kernel->bootstrap()
#9 C:\\Users\\Usuario\\Documents\\UNS-IAW-Admin2018-Com07\\vendor\\laravel\\framework\\src\\Illuminate\\Foundation\\Http\\Kernel.php(116): Illuminate\\Foundation\\Http\\Kernel->sendRequestThroughRouter(Object(Illuminate\\Http\\Request))
#10 C:\\Users\\Usuario\\Documents\\UNS-IAW-Admin2018-Com07\\public\\index.php(55): Illuminate\\Foundation\\Http\\Kernel->handle(Object(Illuminate\\Http\\Request))
#11 C:\\Users\\Usuario\\Documents\\UNS-IAW-Admin2018-Com07\\server.php(21): require_once('C:\\\\Users\\\\Usuari...')
#12 {main}
"} 
